[0.009s] Invoking command in '/home/zilch/LTU/Viswa/colcon_ws/src/beamlet_star_path_planner/build/beamlet_star_path_planner': CMAKE_PREFIX_PATH=${CMAKE_PREFIX_PATH}:/opt/ros/jazzy /usr/bin/cmake --build /home/zilch/LTU/Viswa/colcon_ws/src/beamlet_star_path_planner/build/beamlet_star_path_planner -- -j12 -l12
[0.099s] [ 12%] [32mBuilding CXX object CMakeFiles/beamlet_star_node.dir/src/BeamletGraph.cpp.o[0m
[1.520s] [01m[K/home/zilch/LTU/Viswa/colcon_ws/src/beamlet_star_path_planner/src/BeamletGraph.cpp:[m[K In function â€˜[01m[Kbool[01;32m[K isBeamletFeasibleBresenham[m[K(const std::vector<std::vector<int> >&, Point*, Point*)[m[Kâ€™:
[1.520s] [01m[K/home/zilch/LTU/Viswa/colcon_ws/src/beamlet_star_path_planner/src/BeamletGraph.cpp:48:18:[m[K [01;31m[Kerror: [m[Kâ€˜[01m[Kclass Point[m[Kâ€™ has no member named â€˜[01m[Kx[m[Kâ€™
[1.521s]    48 |     int x0 = p1->[01;31m[Kx[m[K;
[1.521s]       |                  [01;31m[K^[m[K
[1.521s] [01m[K/home/zilch/LTU/Viswa/colcon_ws/src/beamlet_star_path_planner/src/BeamletGraph.cpp:49:18:[m[K [01;31m[Kerror: [m[Kâ€˜[01m[Kclass Point[m[Kâ€™ has no member named â€˜[01m[Ky[m[Kâ€™
[1.521s]    49 |     int y0 = p1->[01;31m[Ky[m[K;
[1.521s]       |                  [01;31m[K^[m[K
[1.521s] [01m[K/home/zilch/LTU/Viswa/colcon_ws/src/beamlet_star_path_planner/src/BeamletGraph.cpp:50:18:[m[K [01;31m[Kerror: [m[Kâ€˜[01m[Kclass Point[m[Kâ€™ has no member named â€˜[01m[Kx[m[Kâ€™
[1.521s]    50 |     int x1 = p2->[01;31m[Kx[m[K;
[1.521s]       |                  [01;31m[K^[m[K
[1.521s] [01m[K/home/zilch/LTU/Viswa/colcon_ws/src/beamlet_star_path_planner/src/BeamletGraph.cpp:51:18:[m[K [01;31m[Kerror: [m[Kâ€˜[01m[Kclass Point[m[Kâ€™ has no member named â€˜[01m[Ky[m[Kâ€™
[1.521s]    51 |     int y1 = p2->[01;31m[Ky[m[K;
[1.521s]       |                  [01;31m[K^[m[K
[1.931s] gmake[2]: *** [CMakeFiles/beamlet_star_node.dir/build.make:160: CMakeFiles/beamlet_star_node.dir/src/BeamletGraph.cpp.o] Error 1
[1.932s] gmake[1]: *** [CMakeFiles/Makefile2:137: CMakeFiles/beamlet_star_node.dir/all] Error 2
[1.932s] gmake: *** [Makefile:146: all] Error 2
[1.934s] Invoked command in '/home/zilch/LTU/Viswa/colcon_ws/src/beamlet_star_path_planner/build/beamlet_star_path_planner' returned '2': CMAKE_PREFIX_PATH=${CMAKE_PREFIX_PATH}:/opt/ros/jazzy /usr/bin/cmake --build /home/zilch/LTU/Viswa/colcon_ws/src/beamlet_star_path_planner/build/beamlet_star_path_planner -- -j12 -l12
