[0.012s] Invoking command in '/home/zilch/LTU/Viswa/colcon_ws/src/beamlet_star_path_planner/build/beamlet_star_path_planner': CMAKE_PREFIX_PATH=${CMAKE_PREFIX_PATH}:/opt/ros/jazzy /usr/bin/cmake --build /home/zilch/LTU/Viswa/colcon_ws/src/beamlet_star_path_planner/build/beamlet_star_path_planner -- -j12 -l12
[0.094s] [ 12%] [32mBuilding CXX object CMakeFiles/beamlet_star_node.dir/src/beamlet_star_node.cpp.o[0m
[1.513s] [01m[K/home/zilch/LTU/Viswa/colcon_ws/src/beamlet_star_path_planner/src/beamlet_star_node.cpp:[m[K In constructor â€˜[01m[KBeamletStarNode::[01;32m[KBeamletStarNode[m[K()[m[Kâ€™:
[1.513s] [01m[K/home/zilch/LTU/Viswa/colcon_ws/src/beamlet_star_path_planner/src/beamlet_star_node.cpp:66:31:[m[K [01;31m[Kerror: [m[Kâ€˜[01m[Kroot[m[Kâ€™ was not declared in this scope
[1.513s]    66 |         printFormalDyadicForm([01;31m[Kroot[m[K);
[1.513s]       |                               [01;31m[K^~~~[m[K
[1.522s] [01m[K/home/zilch/LTU/Viswa/colcon_ws/src/beamlet_star_path_planner/src/beamlet_star_node.cpp:66:9:[m[K [01;31m[Kerror: [m[Kâ€˜[01m[KprintFormalDyadicForm[m[Kâ€™ was not declared in this scope
[1.522s]    66 |         [01;31m[KprintFormalDyadicForm[m[K(root);
[1.522s]       |         [01;31m[K^~~~~~~~~~~~~~~~~~~~~[m[K
[1.522s] [01m[K/home/zilch/LTU/Viswa/colcon_ws/src/beamlet_star_path_planner/src/beamlet_star_node.cpp:65:23:[m[K [01;35m[Kwarning: [m[Kunused variable â€˜[01m[KqtRoot[m[Kâ€™ [[01;35m[K]8;;https://gcc.gnu.org/onlinedocs/gcc/Warning-Options.html#index-Wunused-variable-Wunused-variable]8;;[m[K]
[1.522s]    65 |         DyadicObject* [01;35m[KqtRoot[m[K = qt.buildQuadTree(smax, 1, 1); // starting at top-left corner, 1 based indexing
[1.522s]       |                       [01;35m[K^~~~~~[m[K
[1.943s] gmake[2]: *** [CMakeFiles/beamlet_star_node.dir/build.make:76: CMakeFiles/beamlet_star_node.dir/src/beamlet_star_node.cpp.o] Error 1
[1.943s] gmake[1]: *** [CMakeFiles/Makefile2:137: CMakeFiles/beamlet_star_node.dir/all] Error 2
[1.944s] gmake: *** [Makefile:146: all] Error 2
[1.946s] Invoked command in '/home/zilch/LTU/Viswa/colcon_ws/src/beamlet_star_path_planner/build/beamlet_star_path_planner' returned '2': CMAKE_PREFIX_PATH=${CMAKE_PREFIX_PATH}:/opt/ros/jazzy /usr/bin/cmake --build /home/zilch/LTU/Viswa/colcon_ws/src/beamlet_star_path_planner/build/beamlet_star_path_planner -- -j12 -l12
