[ 12%] [32mBuilding CXX object CMakeFiles/beamlet_star_node.dir/src/quadtree.cpp.o[0m
[01m[K/home/zilch/LTU/Viswa/colcon_ws/src/beamlet_star_path_planner/src/quadtree.cpp:196:6:[m[K [01;31m[Kerror: [m[Kâ€˜[01m[KBeamletGraph[m[Kâ€™ has not been declared
  196 | bool [01;31m[KBeamletGraph[m[K::isBeamletFeasibleBresenham(Point* p1, Point* p2) {
      |      [01;31m[K^~~~~~~~~~~~[m[K
[01m[K/home/zilch/LTU/Viswa/colcon_ws/src/beamlet_star_path_planner/src/quadtree.cpp:[m[K In function â€˜[01m[Kbool[01;32m[K isBeamletFeasibleBresenham[m[K(Point*, Point*)[m[Kâ€™:
[01m[K/home/zilch/LTU/Viswa/colcon_ws/src/beamlet_star_path_planner/src/quadtree.cpp:208:13:[m[K [01;31m[Kerror: [m[Kâ€˜[01m[Kgrid[m[Kâ€™ was not declared in this scope
  208 |         if ([01;31m[Kgrid[m[K[y0][x0] == 1) return false; // obstacle
      |             [01;31m[K^~~~[m[K
gmake[2]: *** [CMakeFiles/beamlet_star_node.dir/build.make:90: CMakeFiles/beamlet_star_node.dir/src/quadtree.cpp.o] Error 1
gmake[1]: *** [CMakeFiles/Makefile2:137: CMakeFiles/beamlet_star_node.dir/all] Error 2
gmake: *** [Makefile:146: all] Error 2
