[0.009s] Invoking command in '/home/zilch/LTU/Viswa/colcon_ws/src/beamlet_star_path_planner/build/beamlet_star_path_planner': CMAKE_PREFIX_PATH=${CMAKE_PREFIX_PATH}:/opt/ros/jazzy /usr/bin/cmake --build /home/zilch/LTU/Viswa/colcon_ws/src/beamlet_star_path_planner/build/beamlet_star_path_planner -- -j12 -l12
[0.088s] [ 14%] [32mBuilding CXX object CMakeFiles/beamlet_star_node.dir/src/beamlet_star_node.cpp.o[0m
[0.088s] [ 28%] [32mBuilding CXX object CMakeFiles/beamlet_star_node.dir/src/quadtree.cpp.o[0m
[0.088s] [ 57%] [32mBuilding CXX object CMakeFiles/beamlet_star_node.dir/src/Point.cpp.o[0m
[0.089s] [ 57%] [32mBuilding CXX object CMakeFiles/beamlet_star_node.dir/src/Beamlet.cpp.o[0m
[0.480s] In file included from [01m[K/home/zilch/LTU/Viswa/colcon_ws/src/beamlet_star_path_planner/include/beamlet_star_path_planner/Beamlet.h:4[m[K,
[0.480s]                  from [01m[K/home/zilch/LTU/Viswa/colcon_ws/src/beamlet_star_path_planner/src/Beamlet.cpp:1[m[K:
[0.480s] [01m[K/home/zilch/LTU/Viswa/colcon_ws/src/beamlet_star_path_planner/include/beamlet_star_path_planner/Point.h:58:29:[m[K [01;31m[Kerror: [m[Kâ€˜[01m[Kstd::map[m[Kâ€™ has not been declared
[0.481s]    58 |     Point* getOrCreatePoint([01;31m[Kstd[m[K::map<std::vector<int>, Point*>& pointMap, std::vector<int> coordinates);
[0.481s]       |                             [01;31m[K^~~[m[K
[0.481s] [01m[K/home/zilch/LTU/Viswa/colcon_ws/src/beamlet_star_path_planner/include/beamlet_star_path_planner/Point.h:58:37:[m[K [01;31m[Kerror: [m[Kexpected â€˜[01m[K,[m[Kâ€™ or â€˜[01m[K...[m[Kâ€™ before â€˜[01m[K<[m[Kâ€™ token
[0.481s]    58 |     Point* getOrCreatePoint(std::map[01;31m[K<[m[Kstd::vector<int>, Point*>& pointMap, std::vector<int> coordinates);
[0.481s]       |                                     [01;31m[K^[m[K
[0.487s] In file included from [01m[K/home/zilch/LTU/Viswa/colcon_ws/src/beamlet_star_path_planner/src/Point.cpp:1[m[K:
[0.487s] [01m[K/home/zilch/LTU/Viswa/colcon_ws/src/beamlet_star_path_planner/include/beamlet_star_path_planner/Point.h:58:29:[m[K [01;31m[Kerror: [m[Kâ€˜[01m[Kstd::map[m[Kâ€™ has not been declared
[0.487s]    58 |     Point* getOrCreatePoint([01;31m[Kstd[m[K::map<std::vector<int>, Point*>& pointMap, std::vector<int> coordinates);
[0.487s]       |                             [01;31m[K^~~[m[K
[0.488s] [01m[K/home/zilch/LTU/Viswa/colcon_ws/src/beamlet_star_path_planner/include/beamlet_star_path_planner/Point.h:58:37:[m[K [01;31m[Kerror: [m[Kexpected â€˜[01m[K,[m[Kâ€™ or â€˜[01m[K...[m[Kâ€™ before â€˜[01m[K<[m[Kâ€™ token
[0.488s]    58 |     Point* getOrCreatePoint(std::map[01;31m[K<[m[Kstd::vector<int>, Point*>& pointMap, std::vector<int> coordinates);
[0.488s]       |                                     [01;31m[K^[m[K
[0.523s] gmake[2]: *** [CMakeFiles/beamlet_star_node.dir/build.make:132: CMakeFiles/beamlet_star_node.dir/src/Beamlet.cpp.o] Error 1
[0.523s] gmake[2]: *** Waiting for unfinished jobs....
[0.524s] [01m[K/home/zilch/LTU/Viswa/colcon_ws/src/beamlet_star_path_planner/src/Point.cpp:129:8:[m[K [01;31m[Kerror: [m[Kno declaration matches â€˜[01m[KPoint* Point::[01;32m[KgetOrCreatePoint[m[K(std::map<std::vector<int>, Point*>&, std::vector<int>)[m[Kâ€™
[0.524s]   129 | Point* [01;31m[KPoint[m[K::getOrCreatePoint(std::map<std::vector<int>, Point*>& pointMap,
[0.524s]       |        [01;31m[K^~~~~[m[K
[0.524s] [01m[K/home/zilch/LTU/Viswa/colcon_ws/src/beamlet_star_path_planner/include/beamlet_star_path_planner/Point.h:58:12:[m[K [01;36m[Knote: [m[Kcandidate is: â€˜[01m[KPoint* Point::[01;32m[KgetOrCreatePoint[m[K(int)[m[Kâ€™
[0.525s]    58 |     Point* [01;36m[KgetOrCreatePoint[m[K(std::map<std::vector<int>, Point*>& pointMap, std::vector<int> coordinates);
[0.525s]       |            [01;36m[K^~~~~~~~~~~~~~~~[m[K
[0.525s] [01m[K/home/zilch/LTU/Viswa/colcon_ws/src/beamlet_star_path_planner/include/beamlet_star_path_planner/Point.h:16:7:[m[K [01;36m[Knote: [m[Kâ€˜[01m[Kclass Point[m[Kâ€™ defined here
[0.525s]    16 | class [01;36m[KPoint[m[K
[0.525s]       |       [01;36m[K^~~~~[m[K
[0.595s] gmake[2]: *** [CMakeFiles/beamlet_star_node.dir/build.make:146: CMakeFiles/beamlet_star_node.dir/src/Point.cpp.o] Error 1
[1.549s] [01m[K/home/zilch/LTU/Viswa/colcon_ws/src/beamlet_star_path_planner/src/quadtree.cpp:[m[K In function â€˜[01m[Kvoid[01;32m[K createBeamletsFromLeaves[m[K(std::map<std::vector<int>, Point*>&, const std::vector<DyadicObject*>&)[m[Kâ€™:
[1.549s] [01m[K/home/zilch/LTU/Viswa/colcon_ws/src/beamlet_star_path_planner/src/quadtree.cpp:179:13:[m[K [01;31m[Kerror: [m[Kâ€˜[01m[Kbeamlets[m[Kâ€™ was not declared in this scope; did you mean â€˜[01m[KBeamlet[m[Kâ€™?
[1.549s]   179 |             [01;31m[Kbeamlets[m[K.push_back(new Beamlet(TL, TR));
[1.549s]       |             [01;31m[K^~~~~~~~[m[K
[1.550s]       |             [32m[KBeamlet[m[K
[1.550s] [01m[K/home/zilch/LTU/Viswa/colcon_ws/src/beamlet_star_path_planner/src/quadtree.cpp:179:50:[m[K [01;31m[Kerror: [m[Kinvalid use of incomplete type â€˜[01m[Kclass Beamlet[m[Kâ€™
[1.550s]   179 |             beamlets.push_back(new Beamlet(TL, TR[01;31m[K)[m[K);
[1.550s]       |                                                  [01;31m[K^[m[K
[1.550s] In file included from [01m[K/home/zilch/LTU/Viswa/colcon_ws/src/beamlet_star_path_planner/src/quadtree.cpp:5[m[K:
[1.550s] [01m[K/home/zilch/LTU/Viswa/colcon_ws/src/beamlet_star_path_planner/include/beamlet_star_path_planner/Point.h:13:7:[m[K [01;36m[Knote: [m[Kforward declaration of â€˜[01m[Kclass Beamlet[m[Kâ€™
[1.550s]    13 | class [01;36m[KBeamlet[m[K;
[1.550s]       |       [01;36m[K^~~~~~~[m[K
[1.551s] [01m[K/home/zilch/LTU/Viswa/colcon_ws/src/beamlet_star_path_planner/src/quadtree.cpp:180:50:[m[K [01;31m[Kerror: [m[Kinvalid use of incomplete type â€˜[01m[Kclass Beamlet[m[Kâ€™
[1.551s]   180 |             beamlets.push_back(new Beamlet(BL, BR[01;31m[K)[m[K);
[1.551s]       |                                                  [01;31m[K^[m[K
[1.551s] [01m[K/home/zilch/LTU/Viswa/colcon_ws/src/beamlet_star_path_planner/include/beamlet_star_path_planner/Point.h:13:7:[m[K [01;36m[Knote: [m[Kforward declaration of â€˜[01m[Kclass Beamlet[m[Kâ€™
[1.551s]    13 | class [01;36m[KBeamlet[m[K;
[1.551s]       |       [01;36m[K^~~~~~~[m[K
[1.551s] [01m[K/home/zilch/LTU/Viswa/colcon_ws/src/beamlet_star_path_planner/src/quadtree.cpp:181:50:[m[K [01;31m[Kerror: [m[Kinvalid use of incomplete type â€˜[01m[Kclass Beamlet[m[Kâ€™
[1.552s]   181 |             beamlets.push_back(new Beamlet(TL, BL[01;31m[K)[m[K);
[1.552s]       |                                                  [01;31m[K^[m[K
[1.552s] [01m[K/home/zilch/LTU/Viswa/colcon_ws/src/beamlet_star_path_planner/include/beamlet_star_path_planner/Point.h:13:7:[m[K [01;36m[Knote: [m[Kforward declaration of â€˜[01m[Kclass Beamlet[m[Kâ€™
[1.552s]    13 | class [01;36m[KBeamlet[m[K;
[1.552s]       |       [01;36m[K^~~~~~~[m[K
[1.552s] [01m[K/home/zilch/LTU/Viswa/colcon_ws/src/beamlet_star_path_planner/src/quadtree.cpp:182:50:[m[K [01;31m[Kerror: [m[Kinvalid use of incomplete type â€˜[01m[Kclass Beamlet[m[Kâ€™
[1.552s]   182 |             beamlets.push_back(new Beamlet(TR, BR[01;31m[K)[m[K);
[1.552s]       |                                                  [01;31m[K^[m[K
[1.552s] [01m[K/home/zilch/LTU/Viswa/colcon_ws/src/beamlet_star_path_planner/include/beamlet_star_path_planner/Point.h:13:7:[m[K [01;36m[Knote: [m[Kforward declaration of â€˜[01m[Kclass Beamlet[m[Kâ€™
[1.552s]    13 | class [01;36m[KBeamlet[m[K;
[1.553s]       |       [01;36m[K^~~~~~~[m[K
[1.553s] [01m[K/home/zilch/LTU/Viswa/colcon_ws/src/beamlet_star_path_planner/src/quadtree.cpp:185:50:[m[K [01;31m[Kerror: [m[Kinvalid use of incomplete type â€˜[01m[Kclass Beamlet[m[Kâ€™
[1.553s]   185 |             beamlets.push_back(new Beamlet(TL, BR[01;31m[K)[m[K);
[1.553s]       |                                                  [01;31m[K^[m[K
[1.553s] [01m[K/home/zilch/LTU/Viswa/colcon_ws/src/beamlet_star_path_planner/include/beamlet_star_path_planner/Point.h:13:7:[m[K [01;36m[Knote: [m[Kforward declaration of â€˜[01m[Kclass Beamlet[m[Kâ€™
[1.553s]    13 | class [01;36m[KBeamlet[m[K;
[1.553s]       |       [01;36m[K^~~~~~~[m[K
[1.553s] [01m[K/home/zilch/LTU/Viswa/colcon_ws/src/beamlet_star_path_planner/src/quadtree.cpp:186:50:[m[K [01;31m[Kerror: [m[Kinvalid use of incomplete type â€˜[01m[Kclass Beamlet[m[Kâ€™
[1.553s]   186 |             beamlets.push_back(new Beamlet(TR, BL[01;31m[K)[m[K);
[1.554s]       |                                                  [01;31m[K^[m[K
[1.554s] [01m[K/home/zilch/LTU/Viswa/colcon_ws/src/beamlet_star_path_planner/include/beamlet_star_path_planner/Point.h:13:7:[m[K [01;36m[Knote: [m[Kforward declaration of â€˜[01m[Kclass Beamlet[m[Kâ€™
[1.554s]    13 | class [01;36m[KBeamlet[m[K;
[1.554s]       |       [01;36m[K^~~~~~~[m[K
[1.554s] [01m[K/home/zilch/LTU/Viswa/colcon_ws/src/beamlet_star_path_planner/src/beamlet_star_node.cpp:[m[K In constructor â€˜[01m[KBeamletStarNode::[01;32m[KBeamletStarNode[m[K()[m[Kâ€™:
[1.554s] [01m[K/home/zilch/LTU/Viswa/colcon_ws/src/beamlet_star_path_planner/src/beamlet_star_node.cpp:74:22:[m[K [01;31m[Kerror: [m[Kaggregate â€˜[01m[KBeamletGraph graph[m[Kâ€™ has incomplete type and cannot be defined
[1.554s]    74 |         BeamletGraph [01;31m[Kgraph[m[K;
[1.554s]       |                      [01;31m[K^~~~~[m[K
[1.985s] gmake[2]: *** [CMakeFiles/beamlet_star_node.dir/build.make:76: CMakeFiles/beamlet_star_node.dir/src/beamlet_star_node.cpp.o] Error 1
[1.989s] gmake[2]: *** [CMakeFiles/beamlet_star_node.dir/build.make:90: CMakeFiles/beamlet_star_node.dir/src/quadtree.cpp.o] Error 1
[1.989s] gmake[1]: *** [CMakeFiles/Makefile2:137: CMakeFiles/beamlet_star_node.dir/all] Error 2
[1.989s] gmake: *** [Makefile:146: all] Error 2
[1.992s] Invoked command in '/home/zilch/LTU/Viswa/colcon_ws/src/beamlet_star_path_planner/build/beamlet_star_path_planner' returned '2': CMAKE_PREFIX_PATH=${CMAKE_PREFIX_PATH}:/opt/ros/jazzy /usr/bin/cmake --build /home/zilch/LTU/Viswa/colcon_ws/src/beamlet_star_path_planner/build/beamlet_star_path_planner -- -j12 -l12
