[01m[K/home/zilch/LTU/Viswa/colcon_ws/src/beamlet_star_path_planner/src/quadtree.cpp:[m[K In function â€˜[01m[Kvoid[01;32m[K createBeamletsFromLeaves[m[K(std::map<std::vector<int>, Point*>&, const std::vector<DyadicObject*>&)[m[Kâ€™:
[01m[K/home/zilch/LTU/Viswa/colcon_ws/src/beamlet_star_path_planner/src/quadtree.cpp:179:13:[m[K [01;31m[Kerror: [m[Kâ€˜[01m[Kbeamlets[m[Kâ€™ was not declared in this scope; did you mean â€˜[01m[KBeamlet[m[Kâ€™?
  179 |             [01;31m[Kbeamlets[m[K.push_back(new Beamlet(TL, TR));
      |             [01;31m[K^~~~~~~~[m[K
      |             [32m[KBeamlet[m[K
[01m[K/home/zilch/LTU/Viswa/colcon_ws/src/beamlet_star_path_planner/src/quadtree.cpp:179:50:[m[K [01;31m[Kerror: [m[Kinvalid use of incomplete type â€˜[01m[Kclass Beamlet[m[Kâ€™
  179 |             beamlets.push_back(new Beamlet(TL, TR[01;31m[K)[m[K);
      |                                                  [01;31m[K^[m[K
In file included from [01m[K/home/zilch/LTU/Viswa/colcon_ws/src/beamlet_star_path_planner/src/quadtree.cpp:5[m[K:
[01m[K/home/zilch/LTU/Viswa/colcon_ws/src/beamlet_star_path_planner/include/beamlet_star_path_planner/Point.h:13:7:[m[K [01;36m[Knote: [m[Kforward declaration of â€˜[01m[Kclass Beamlet[m[Kâ€™
   13 | class [01;36m[KBeamlet[m[K;
      |       [01;36m[K^~~~~~~[m[K
[01m[K/home/zilch/LTU/Viswa/colcon_ws/src/beamlet_star_path_planner/src/quadtree.cpp:180:50:[m[K [01;31m[Kerror: [m[Kinvalid use of incomplete type â€˜[01m[Kclass Beamlet[m[Kâ€™
  180 |             beamlets.push_back(new Beamlet(BL, BR[01;31m[K)[m[K);
      |                                                  [01;31m[K^[m[K
[01m[K/home/zilch/LTU/Viswa/colcon_ws/src/beamlet_star_path_planner/include/beamlet_star_path_planner/Point.h:13:7:[m[K [01;36m[Knote: [m[Kforward declaration of â€˜[01m[Kclass Beamlet[m[Kâ€™
   13 | class [01;36m[KBeamlet[m[K;
      |       [01;36m[K^~~~~~~[m[K
[01m[K/home/zilch/LTU/Viswa/colcon_ws/src/beamlet_star_path_planner/src/quadtree.cpp:181:50:[m[K [01;31m[Kerror: [m[Kinvalid use of incomplete type â€˜[01m[Kclass Beamlet[m[Kâ€™
  181 |             beamlets.push_back(new Beamlet(TL, BL[01;31m[K)[m[K);
      |                                                  [01;31m[K^[m[K
[01m[K/home/zilch/LTU/Viswa/colcon_ws/src/beamlet_star_path_planner/include/beamlet_star_path_planner/Point.h:13:7:[m[K [01;36m[Knote: [m[Kforward declaration of â€˜[01m[Kclass Beamlet[m[Kâ€™
   13 | class [01;36m[KBeamlet[m[K;
      |       [01;36m[K^~~~~~~[m[K
[01m[K/home/zilch/LTU/Viswa/colcon_ws/src/beamlet_star_path_planner/src/quadtree.cpp:182:50:[m[K [01;31m[Kerror: [m[Kinvalid use of incomplete type â€˜[01m[Kclass Beamlet[m[Kâ€™
  182 |             beamlets.push_back(new Beamlet(TR, BR[01;31m[K)[m[K);
      |                                                  [01;31m[K^[m[K
[01m[K/home/zilch/LTU/Viswa/colcon_ws/src/beamlet_star_path_planner/include/beamlet_star_path_planner/Point.h:13:7:[m[K [01;36m[Knote: [m[Kforward declaration of â€˜[01m[Kclass Beamlet[m[Kâ€™
   13 | class [01;36m[KBeamlet[m[K;
      |       [01;36m[K^~~~~~~[m[K
[01m[K/home/zilch/LTU/Viswa/colcon_ws/src/beamlet_star_path_planner/src/quadtree.cpp:185:50:[m[K [01;31m[Kerror: [m[Kinvalid use of incomplete type â€˜[01m[Kclass Beamlet[m[Kâ€™
  185 |             beamlets.push_back(new Beamlet(TL, BR[01;31m[K)[m[K);
      |                                                  [01;31m[K^[m[K
[01m[K/home/zilch/LTU/Viswa/colcon_ws/src/beamlet_star_path_planner/include/beamlet_star_path_planner/Point.h:13:7:[m[K [01;36m[Knote: [m[Kforward declaration of â€˜[01m[Kclass Beamlet[m[Kâ€™
   13 | class [01;36m[KBeamlet[m[K;
      |       [01;36m[K^~~~~~~[m[K
[01m[K/home/zilch/LTU/Viswa/colcon_ws/src/beamlet_star_path_planner/src/quadtree.cpp:186:50:[m[K [01;31m[Kerror: [m[Kinvalid use of incomplete type â€˜[01m[Kclass Beamlet[m[Kâ€™
  186 |             beamlets.push_back(new Beamlet(TR, BL[01;31m[K)[m[K);
      |                                                  [01;31m[K^[m[K
[01m[K/home/zilch/LTU/Viswa/colcon_ws/src/beamlet_star_path_planner/include/beamlet_star_path_planner/Point.h:13:7:[m[K [01;36m[Knote: [m[Kforward declaration of â€˜[01m[Kclass Beamlet[m[Kâ€™
   13 | class [01;36m[KBeamlet[m[K;
      |       [01;36m[K^~~~~~~[m[K
In file included from [01m[K/opt/ros/jazzy/include/rclcpp/rclcpp/logging.hpp:24[m[K,
                 from [01m[K/opt/ros/jazzy/include/rclcpp/rclcpp/copy_all_parameter_values.hpp:27[m[K,
                 from [01m[K/opt/ros/jazzy/include/rclcpp/rclcpp/rclcpp.hpp:171[m[K,
                 from [01m[K/home/zilch/LTU/Viswa/colcon_ws/src/beamlet_star_path_planner/src/beamlet_star_node.cpp:1[m[K:
[01m[K/home/zilch/LTU/Viswa/colcon_ws/src/beamlet_star_path_planner/src/beamlet_star_node.cpp:[m[K In constructor â€˜[01m[KBeamletStarNode::[01;32m[KBeamletStarNode[m[K()[m[Kâ€™:
[01m[K/home/zilch/LTU/Viswa/colcon_ws/src/beamlet_star_path_planner/src/beamlet_star_node.cpp:78:69:[m[K [01;31m[Kerror: [m[Kâ€˜[01m[Kclass BeamletGraph[m[Kâ€™ has no member named â€˜[01m[KgetPointMapSize[m[Kâ€™
   78 |         RCLCPP_INFO(get_logger(), "Total unique points: %ld", graph.[01;31m[KgetPointMapSize[m[K());
      |                                                                     [01;31m[K^~~~~~~~~~~~~~~[m[K
[01m[K/home/zilch/LTU/Viswa/colcon_ws/src/beamlet_star_path_planner/src/beamlet_star_node.cpp:79:64:[m[K [01;31m[Kerror: [m[Kâ€˜[01m[Kclass BeamletGraph[m[Kâ€™ has no member named â€˜[01m[KgetBeamletCount[m[Kâ€™
   79 |         RCLCPP_INFO(get_logger(), "Total beamlets: %ld", graph.[01;31m[KgetBeamletCount[m[K());
      |                                                                [01;31m[K^~~~~~~~~~~~~~~[m[K
gmake[2]: *** [CMakeFiles/beamlet_star_node.dir/build.make:90: CMakeFiles/beamlet_star_node.dir/src/quadtree.cpp.o] Error 1
gmake[2]: *** Waiting for unfinished jobs....
gmake[2]: *** [CMakeFiles/beamlet_star_node.dir/build.make:76: CMakeFiles/beamlet_star_node.dir/src/beamlet_star_node.cpp.o] Error 1
gmake[1]: *** [CMakeFiles/Makefile2:137: CMakeFiles/beamlet_star_node.dir/all] Error 2
gmake: *** [Makefile:146: all] Error 2
