[0.010s] Invoking command in '/home/zilch/LTU/Viswa/colcon_ws/src/beamlet_star_path_planner/build/beamlet_star_path_planner': CMAKE_PREFIX_PATH=${CMAKE_PREFIX_PATH}:/opt/ros/jazzy /usr/bin/cmake --build /home/zilch/LTU/Viswa/colcon_ws/src/beamlet_star_path_planner/build/beamlet_star_path_planner -- -j12 -l12
[0.075s] [ 12%] [32mBuilding CXX object CMakeFiles/beamlet_star_node.dir/src/Point.cpp.o[0m
[0.075s] [ 37%] [32mBuilding CXX object CMakeFiles/beamlet_star_node.dir/src/BeamletGraph.cpp.o[0m
[0.075s] [ 37%] [32mBuilding CXX object CMakeFiles/beamlet_star_node.dir/src/Beamlet.cpp.o[0m
[0.127s] In file included from [01m[K/home/zilch/LTU/Viswa/colcon_ws/src/beamlet_star_path_planner/src/BeamletGraph.cpp:8[m[K:
[0.127s] [01m[K/home/zilch/LTU/Viswa/colcon_ws/src/beamlet_star_path_planner/include/beamlet_star_path_planner/BeamletGraph.h:13:10:[m[K [01;31m[Kerror: [m[Kâ€˜[01m[Kvector[m[Kâ€™ in namespace â€˜[01m[Kstd[m[Kâ€™ does not name a template type
[0.128s]    13 |     std::[01;31m[Kvector[m[K<Beamlet*> allBeamlets;
[0.128s]       |          [01;31m[K^~~~~~[m[K
[0.128s] [01m[K/home/zilch/LTU/Viswa/colcon_ws/src/beamlet_star_path_planner/include/beamlet_star_path_planner/BeamletGraph.h:1:1:[m[K [01;36m[Knote: [m[Kâ€˜[01m[Kstd::vector[m[Kâ€™ is defined in header â€˜[01m[K<vector>[m[Kâ€™; did you forget to â€˜[01m[K#include <vector>[m[Kâ€™?
[0.128s]   +++ |+[32m[K#include <vector>[m[K
[0.128s]     1 | /*
[0.128s] [01m[K/home/zilch/LTU/Viswa/colcon_ws/src/beamlet_star_path_planner/include/beamlet_star_path_planner/BeamletGraph.h:17:21:[m[K [01;31m[Kerror: [m[Kâ€˜[01m[KBeamlet[m[Kâ€™ has not been declared
[0.128s]    17 |     void AddBeamlet([01;31m[KBeamlet[m[K* b);
[0.128s]       |                     [01;31m[K^~~~~~~[m[K
[0.196s] In file included from [01m[K/home/zilch/LTU/Viswa/colcon_ws/src/beamlet_star_path_planner/include/beamlet_star_path_planner/Point.h:9[m[K,
[0.197s]                  from [01m[K/home/zilch/LTU/Viswa/colcon_ws/src/beamlet_star_path_planner/include/beamlet_star_path_planner/Beamlet.h:6[m[K,
[0.197s]                  from [01m[K/home/zilch/LTU/Viswa/colcon_ws/src/beamlet_star_path_planner/src/Beamlet.cpp:1[m[K:
[0.197s] [01m[K/home/zilch/LTU/Viswa/colcon_ws/src/beamlet_star_path_planner/include/beamlet_star_path_planner/BeamletGraph.h:13:17:[m[K [01;31m[Kerror: [m[Kâ€˜[01m[KBeamlet[m[Kâ€™ was not declared in this scope
[0.197s]    13 |     std::vector<[01;31m[KBeamlet[m[K*> allBeamlets;
[0.197s]       |                 [01;31m[K^~~~~~~[m[K
[0.197s] [01m[K/home/zilch/LTU/Viswa/colcon_ws/src/beamlet_star_path_planner/include/beamlet_star_path_planner/BeamletGraph.h:13:25:[m[K [01;31m[Kerror: [m[Ktemplate argument 1 is invalid
[0.197s]    13 |     std::vector<Beamlet*[01;31m[K>[m[K allBeamlets;
[0.197s]       |                         [01;31m[K^[m[K
[0.197s] [01m[K/home/zilch/LTU/Viswa/colcon_ws/src/beamlet_star_path_planner/include/beamlet_star_path_planner/BeamletGraph.h:13:25:[m[K [01;31m[Kerror: [m[Ktemplate argument 2 is invalid
[0.198s] [01m[K/home/zilch/LTU/Viswa/colcon_ws/src/beamlet_star_path_planner/include/beamlet_star_path_planner/BeamletGraph.h:17:21:[m[K [01;31m[Kerror: [m[Kâ€˜[01m[KBeamlet[m[Kâ€™ has not been declared
[0.198s]    17 |     void AddBeamlet([01;31m[KBeamlet[m[K* b);
[0.198s]       |                     [01;31m[K^~~~~~~[m[K
[0.270s] [01m[K/home/zilch/LTU/Viswa/colcon_ws/src/beamlet_star_path_planner/src/BeamletGraph.cpp:16:6:[m[K [01;31m[Kerror: [m[Kno declaration matches â€˜[01m[Kvoid BeamletGraph::[01;32m[KAddBeamlet[m[K(Beamlet*)[m[Kâ€™
[0.270s]    16 | void [01;31m[KBeamletGraph[m[K::AddBeamlet(Beamlet* b) {
[0.270s]       |      [01;31m[K^~~~~~~~~~~~[m[K
[0.270s] [01m[K/home/zilch/LTU/Viswa/colcon_ws/src/beamlet_star_path_planner/include/beamlet_star_path_planner/BeamletGraph.h:17:10:[m[K [01;36m[Knote: [m[Kcandidate is: â€˜[01m[Kvoid BeamletGraph::[01;32m[KAddBeamlet[m[K(int*)[m[Kâ€™
[0.270s]    17 |     void [01;36m[KAddBeamlet[m[K(Beamlet* b);
[0.270s]       |          [01;36m[K^~~~~~~~~~[m[K
[0.270s] [01m[K/home/zilch/LTU/Viswa/colcon_ws/src/beamlet_star_path_planner/include/beamlet_star_path_planner/BeamletGraph.h:11:7:[m[K [01;36m[Knote: [m[Kâ€˜[01m[Kclass BeamletGraph[m[Kâ€™ defined here
[0.270s]    11 | class [01;36m[KBeamletGraph[m[K {
[0.270s]       |       [01;36m[K^~~~~~~~~~~~[m[K
[0.287s] gmake[2]: *** [CMakeFiles/beamlet_star_node.dir/build.make:160: CMakeFiles/beamlet_star_node.dir/src/BeamletGraph.cpp.o] Error 1
[0.288s] gmake[2]: *** Waiting for unfinished jobs....
[0.298s] gmake[2]: *** [CMakeFiles/beamlet_star_node.dir/build.make:146: CMakeFiles/beamlet_star_node.dir/src/Beamlet.cpp.o] Error 1
[0.306s] In file included from [01m[K/home/zilch/LTU/Viswa/colcon_ws/src/beamlet_star_path_planner/include/beamlet_star_path_planner/Point.h:7[m[K,
[0.306s]                  from [01m[K/home/zilch/LTU/Viswa/colcon_ws/src/beamlet_star_path_planner/src/Point.cpp:1[m[K:
[0.306s] [01m[K/home/zilch/LTU/Viswa/colcon_ws/src/beamlet_star_path_planner/include/beamlet_star_path_planner/Beamlet.h:48:21:[m[K [01;31m[Kerror: [m[Kâ€˜[01m[Kostream[m[Kâ€™ in namespace â€˜[01m[Kstd[m[Kâ€™ does not name a type
[0.306s]    48 |         friend std::[01;31m[Kostream[m[K& operator<<(std::ostream & output, const Beamlet & beamlet);
[0.306s]       |                     [01;31m[K^~~~~~~[m[K
[0.306s] [01m[K/home/zilch/LTU/Viswa/colcon_ws/src/beamlet_star_path_planner/include/beamlet_star_path_planner/Beamlet.h:7:1:[m[K [01;36m[Knote: [m[Kâ€˜[01m[Kstd::ostream[m[Kâ€™ is defined in header â€˜[01m[K<ostream>[m[Kâ€™; did you forget to â€˜[01m[K#include <ostream>[m[Kâ€™?
[0.306s]     6 | #include "Point.h"
[0.306s]   +++ |+[32m[K#include <ostream>[m[K
[0.307s]     7 | 
[0.387s] [01m[K/home/zilch/LTU/Viswa/colcon_ws/src/beamlet_star_path_planner/src/Point.cpp:[m[K In static member function â€˜[01m[Kstatic Point* Point::[01;32m[KgetOrCreatePoint[m[K(const std::vector<int>&)[m[Kâ€™:
[0.388s] [01m[K/home/zilch/LTU/Viswa/colcon_ws/src/beamlet_star_path_planner/src/Point.cpp:51:17:[m[K [01;31m[Kerror: [m[Kâ€˜[01m[Kmap[m[Kâ€™ in namespace â€˜[01m[Kstd[m[Kâ€™ does not name a template type
[0.388s]    51 |     static std::[01;31m[Kmap[m[K<std::vector<int>, std::unique_ptr<Point>> listOfPoints;
[0.388s]       |                 [01;31m[K^~~[m[K
[0.388s] [01m[K/home/zilch/LTU/Viswa/colcon_ws/src/beamlet_star_path_planner/src/Point.cpp:2:1:[m[K [01;36m[Knote: [m[Kâ€˜[01m[Kstd::map[m[Kâ€™ is defined in header â€˜[01m[K<map>[m[Kâ€™; did you forget to â€˜[01m[K#include <map>[m[Kâ€™?
[0.388s]     1 | #include "beamlet_star_path_planner/Point.h"
[0.388s]   +++ |+[32m[K#include <map>[m[K
[0.388s]     2 | // #include "utilities/PrintContent.h"
[0.389s] [01m[K/home/zilch/LTU/Viswa/colcon_ws/src/beamlet_star_path_planner/src/Point.cpp:52:27:[m[K [01;31m[Kerror: [m[Kâ€˜[01m[KlistOfPoints[m[Kâ€™ was not declared in this scope
[0.389s]    52 |     auto [it, inserted] = [01;31m[KlistOfPoints[m[K.try_emplace(coordinates, nullptr);
[0.389s]       |                           [01;31m[K^~~~~~~~~~~~[m[K
[0.389s] [01m[K/home/zilch/LTU/Viswa/colcon_ws/src/beamlet_star_path_planner/src/Point.cpp:55:27:[m[K [01;31m[Kerror: [m[Kâ€˜[01m[Kmake_unique[m[Kâ€™ is not a member of â€˜[01m[Kstd[m[Kâ€™
[0.390s]    55 |         it->second = std::[01;31m[Kmake_unique[m[K<Point>(coordinates);
[0.390s]       |                           [01;31m[K^~~~~~~~~~~[m[K
[0.390s] [01m[K/home/zilch/LTU/Viswa/colcon_ws/src/beamlet_star_path_planner/src/Point.cpp:2:1:[m[K [01;36m[Knote: [m[Kâ€˜[01m[Kstd::make_unique[m[Kâ€™ is defined in header â€˜[01m[K<memory>[m[Kâ€™; did you forget to â€˜[01m[K#include <memory>[m[Kâ€™?
[0.390s]     1 | #include "beamlet_star_path_planner/Point.h"
[0.390s]   +++ |+[32m[K#include <memory>[m[K
[0.390s]     2 | // #include "utilities/PrintContent.h"
[0.390s] [01m[K/home/zilch/LTU/Viswa/colcon_ws/src/beamlet_star_path_planner/src/Point.cpp:55:44:[m[K [01;31m[Kerror: [m[Kexpected primary-expression before â€˜[01m[K>[m[Kâ€™ token
[0.390s]    55 |         it->second = std::make_unique<Point[01;31m[K>[m[K(coordinates);
[0.390s]       |                                            [01;31m[K^[m[K
[0.423s] gmake[2]: *** [CMakeFiles/beamlet_star_node.dir/build.make:132: CMakeFiles/beamlet_star_node.dir/src/Point.cpp.o] Error 1
[0.424s] gmake[1]: *** [CMakeFiles/Makefile2:137: CMakeFiles/beamlet_star_node.dir/all] Error 2
[0.424s] gmake: *** [Makefile:146: all] Error 2
[0.426s] Invoked command in '/home/zilch/LTU/Viswa/colcon_ws/src/beamlet_star_path_planner/build/beamlet_star_path_planner' returned '2': CMAKE_PREFIX_PATH=${CMAKE_PREFIX_PATH}:/opt/ros/jazzy /usr/bin/cmake --build /home/zilch/LTU/Viswa/colcon_ws/src/beamlet_star_path_planner/build/beamlet_star_path_planner -- -j12 -l12
