In file included from [01m[K/home/zilch/LTU/Viswa/colcon_ws/src/beamlet_star_path_planner/src/quadtree.cpp:3[m[K:
[01m[K/home/zilch/LTU/Viswa/colcon_ws/src/beamlet_star_path_planner/include/beamlet_star_path_planner/quadtree.h:30:17:[m[K [01;31m[Kerror: [m[Kâ€˜[01m[KPoint[m[Kâ€™ was not declared in this scope
   30 |     std::vector<[01;31m[KPoint[m[K*> extractBoundaryPoints(DyadicObject* node) const;
      |                 [01;31m[K^~~~~[m[K
[01m[K/home/zilch/LTU/Viswa/colcon_ws/src/beamlet_star_path_planner/include/beamlet_star_path_planner/quadtree.h:30:23:[m[K [01;31m[Kerror: [m[Ktemplate argument 1 is invalid
   30 |     std::vector<Point*[01;31m[K>[m[K extractBoundaryPoints(DyadicObject* node) const;
      |                       [01;31m[K^[m[K
[01m[K/home/zilch/LTU/Viswa/colcon_ws/src/beamlet_star_path_planner/include/beamlet_star_path_planner/quadtree.h:30:23:[m[K [01;31m[Kerror: [m[Ktemplate argument 2 is invalid
[01m[K/home/zilch/LTU/Viswa/colcon_ws/src/beamlet_star_path_planner/include/beamlet_star_path_planner/quadtree.h:31:17:[m[K [01;31m[Kerror: [m[Kâ€˜[01m[KBeamlet[m[Kâ€™ was not declared in this scope
   31 |     std::vector<[01;31m[KBeamlet[m[K*> createBeamletsFromNode(DyadicObject* node);
      |                 [01;31m[K^~~~~~~[m[K
[01m[K/home/zilch/LTU/Viswa/colcon_ws/src/beamlet_star_path_planner/include/beamlet_star_path_planner/quadtree.h:31:25:[m[K [01;31m[Kerror: [m[Ktemplate argument 1 is invalid
   31 |     std::vector<Beamlet*[01;31m[K>[m[K createBeamletsFromNode(DyadicObject* node);
      |                         [01;31m[K^[m[K
[01m[K/home/zilch/LTU/Viswa/colcon_ws/src/beamlet_star_path_planner/include/beamlet_star_path_planner/quadtree.h:31:25:[m[K [01;31m[Kerror: [m[Ktemplate argument 2 is invalid
[01m[K/home/zilch/LTU/Viswa/colcon_ws/src/beamlet_star_path_planner/src/quadtree.cpp:150:13:[m[K [01;31m[Kerror: [m[Kâ€˜[01m[KPoint[m[Kâ€™ was not declared in this scope
  150 | std::vector<[01;31m[KPoint[m[K*> QuadTree::extractBoundaryPoints(DyadicObject* node) const
      |             [01;31m[K^~~~~[m[K
[01m[K/home/zilch/LTU/Viswa/colcon_ws/src/beamlet_star_path_planner/src/quadtree.cpp:150:19:[m[K [01;31m[Kerror: [m[Ktemplate argument 1 is invalid
  150 | std::vector<Point*[01;31m[K>[m[K QuadTree::extractBoundaryPoints(DyadicObject* node) const
      |                   [01;31m[K^[m[K
[01m[K/home/zilch/LTU/Viswa/colcon_ws/src/beamlet_star_path_planner/src/quadtree.cpp:150:19:[m[K [01;31m[Kerror: [m[Ktemplate argument 2 is invalid
[01m[K/home/zilch/LTU/Viswa/colcon_ws/src/beamlet_star_path_planner/src/quadtree.cpp:[m[K In member function â€˜[01m[Kint QuadTree::[01;32m[KextractBoundaryPoints[m[K(DyadicObject*) const[m[Kâ€™:
[01m[K/home/zilch/LTU/Viswa/colcon_ws/src/beamlet_star_path_planner/src/quadtree.cpp:153:17:[m[K [01;31m[Kerror: [m[Kâ€˜[01m[KPoint[m[Kâ€™ was not declared in this scope
  153 |     std::vector<[01;31m[KPoint[m[K*> points;
      |                 [01;31m[K^~~~~[m[K
[01m[K/home/zilch/LTU/Viswa/colcon_ws/src/beamlet_star_path_planner/src/quadtree.cpp:153:23:[m[K [01;31m[Kerror: [m[Ktemplate argument 1 is invalid
  153 |     std::vector<Point*[01;31m[K>[m[K points;
      |                       [01;31m[K^[m[K
[01m[K/home/zilch/LTU/Viswa/colcon_ws/src/beamlet_star_path_planner/src/quadtree.cpp:153:23:[m[K [01;31m[Kerror: [m[Ktemplate argument 2 is invalid
[01m[K/home/zilch/LTU/Viswa/colcon_ws/src/beamlet_star_path_planner/src/quadtree.cpp:159:16:[m[K [01;31m[Kerror: [m[Krequest for member â€˜[01m[Kpush_back[m[Kâ€™ in â€˜[01m[Kpoints[m[Kâ€™, which is of non-class type â€˜[01m[Kint[m[Kâ€™
  159 |         points.[01;31m[Kpush_back[m[K(Point::getOrCreatePoint({b[i][0], b[i][1]}));
      |                [01;31m[K^~~~~~~~~[m[K
[01m[K/home/zilch/LTU/Viswa/colcon_ws/src/beamlet_star_path_planner/src/quadtree.cpp:159:26:[m[K [01;31m[Kerror: [m[Kâ€˜[01m[KPoint[m[Kâ€™ is not a class, namespace, or enumeration
  159 |         points.push_back([01;31m[KPoint[m[K::getOrCreatePoint({b[i][0], b[i][1]}));
      |                          [01;31m[K^~~~~[m[K
[01m[K/home/zilch/LTU/Viswa/colcon_ws/src/beamlet_star_path_planner/src/quadtree.cpp:[m[K At global scope:
[01m[K/home/zilch/LTU/Viswa/colcon_ws/src/beamlet_star_path_planner/src/quadtree.cpp:164:13:[m[K [01;31m[Kerror: [m[Kâ€˜[01m[KBeamlet[m[Kâ€™ was not declared in this scope
  164 | std::vector<[01;31m[KBeamlet[m[K*> QuadTree::createBeamletsFromNode(DyadicObject* node)
      |             [01;31m[K^~~~~~~[m[K
[01m[K/home/zilch/LTU/Viswa/colcon_ws/src/beamlet_star_path_planner/src/quadtree.cpp:164:21:[m[K [01;31m[Kerror: [m[Ktemplate argument 1 is invalid
  164 | std::vector<Beamlet*[01;31m[K>[m[K QuadTree::createBeamletsFromNode(DyadicObject* node)
      |                     [01;31m[K^[m[K
[01m[K/home/zilch/LTU/Viswa/colcon_ws/src/beamlet_star_path_planner/src/quadtree.cpp:164:21:[m[K [01;31m[Kerror: [m[Ktemplate argument 2 is invalid
[01m[K/home/zilch/LTU/Viswa/colcon_ws/src/beamlet_star_path_planner/src/quadtree.cpp:[m[K In member function â€˜[01m[Kint QuadTree::[01;32m[KcreateBeamletsFromNode[m[K(DyadicObject*)[m[Kâ€™:
[01m[K/home/zilch/LTU/Viswa/colcon_ws/src/beamlet_star_path_planner/src/quadtree.cpp:166:17:[m[K [01;31m[Kerror: [m[Kâ€˜[01m[KBeamlet[m[Kâ€™ was not declared in this scope
  166 |     std::vector<[01;31m[KBeamlet[m[K*> beamlets;
      |                 [01;31m[K^~~~~~~[m[K
[01m[K/home/zilch/LTU/Viswa/colcon_ws/src/beamlet_star_path_planner/src/quadtree.cpp:166:25:[m[K [01;31m[Kerror: [m[Ktemplate argument 1 is invalid
  166 |     std::vector<Beamlet*[01;31m[K>[m[K beamlets;
      |                         [01;31m[K^[m[K
[01m[K/home/zilch/LTU/Viswa/colcon_ws/src/beamlet_star_path_planner/src/quadtree.cpp:166:25:[m[K [01;31m[Kerror: [m[Ktemplate argument 2 is invalid
[01m[K/home/zilch/LTU/Viswa/colcon_ws/src/beamlet_star_path_planner/src/quadtree.cpp:172:29:[m[K [01;31m[Kerror: [m[Krequest for member â€˜[01m[Ksize[m[Kâ€™ in â€˜[01m[Kpoints[m[Kâ€™, which is of non-class type â€˜[01m[Kint[m[Kâ€™
  172 |     for(size_t i=0;i<points.[01;31m[Ksize[m[K();++i)
      |                             [01;31m[K^~~~[m[K
[01m[K/home/zilch/LTU/Viswa/colcon_ws/src/beamlet_star_path_planner/src/quadtree.cpp:173:35:[m[K [01;31m[Kerror: [m[Krequest for member â€˜[01m[Ksize[m[Kâ€™ in â€˜[01m[Kpoints[m[Kâ€™, which is of non-class type â€˜[01m[Kint[m[Kâ€™
  173 |         for(size_t j=i+1;j<points.[01;31m[Ksize[m[K();++j)
      |                                   [01;31m[K^~~~[m[K
[01m[K/home/zilch/LTU/Viswa/colcon_ws/src/beamlet_star_path_planner/src/quadtree.cpp:174:22:[m[K [01;31m[Kerror: [m[Krequest for member â€˜[01m[Kpush_back[m[Kâ€™ in â€˜[01m[Kbeamlets[m[Kâ€™, which is of non-class type â€˜[01m[Kint[m[Kâ€™
  174 |             beamlets.[01;31m[Kpush_back[m[K(new Beamlet(points[i], points[j]));
      |                      [01;31m[K^~~~~~~~~[m[K
[01m[K/home/zilch/LTU/Viswa/colcon_ws/src/beamlet_star_path_planner/src/quadtree.cpp:174:36:[m[K [01;31m[Kerror: [m[Kexpected type-specifier before â€˜[01m[KBeamlet[m[Kâ€™
  174 |             beamlets.push_back(new [01;31m[KBeamlet[m[K(points[i], points[j]));
      |                                    [01;31m[K^~~~~~~[m[K
In file included from [01m[K/home/zilch/LTU/Viswa/colcon_ws/src/beamlet_star_path_planner/src/beamlet_star_node.cpp:2[m[K:
[01m[K/home/zilch/LTU/Viswa/colcon_ws/src/beamlet_star_path_planner/include/beamlet_star_path_planner/quadtree.h:30:17:[m[K [01;31m[Kerror: [m[Kâ€˜[01m[KPoint[m[Kâ€™ was not declared in this scope
   30 |     std::vector<[01;31m[KPoint[m[K*> extractBoundaryPoints(DyadicObject* node) const;
      |                 [01;31m[K^~~~~[m[K
[01m[K/home/zilch/LTU/Viswa/colcon_ws/src/beamlet_star_path_planner/include/beamlet_star_path_planner/quadtree.h:30:23:[m[K [01;31m[Kerror: [m[Ktemplate argument 1 is invalid
   30 |     std::vector<Point*[01;31m[K>[m[K extractBoundaryPoints(DyadicObject* node) const;
      |                       [01;31m[K^[m[K
[01m[K/home/zilch/LTU/Viswa/colcon_ws/src/beamlet_star_path_planner/include/beamlet_star_path_planner/quadtree.h:30:23:[m[K [01;31m[Kerror: [m[Ktemplate argument 2 is invalid
[01m[K/home/zilch/LTU/Viswa/colcon_ws/src/beamlet_star_path_planner/include/beamlet_star_path_planner/quadtree.h:31:17:[m[K [01;31m[Kerror: [m[Kâ€˜[01m[KBeamlet[m[Kâ€™ was not declared in this scope
   31 |     std::vector<[01;31m[KBeamlet[m[K*> createBeamletsFromNode(DyadicObject* node);
      |                 [01;31m[K^~~~~~~[m[K
[01m[K/home/zilch/LTU/Viswa/colcon_ws/src/beamlet_star_path_planner/include/beamlet_star_path_planner/quadtree.h:31:25:[m[K [01;31m[Kerror: [m[Ktemplate argument 1 is invalid
   31 |     std::vector<Beamlet*[01;31m[K>[m[K createBeamletsFromNode(DyadicObject* node);
      |                         [01;31m[K^[m[K
[01m[K/home/zilch/LTU/Viswa/colcon_ws/src/beamlet_star_path_planner/include/beamlet_star_path_planner/quadtree.h:31:25:[m[K [01;31m[Kerror: [m[Ktemplate argument 2 is invalid
[01m[K/home/zilch/LTU/Viswa/colcon_ws/src/beamlet_star_path_planner/src/beamlet_star_node.cpp:[m[K In constructor â€˜[01m[KBeamletStarNode::[01;32m[KBeamletStarNode[m[K()[m[Kâ€™:
[01m[K/home/zilch/LTU/Viswa/colcon_ws/src/beamlet_star_path_planner/src/beamlet_star_node.cpp:68:21:[m[K [01;31m[Kerror: [m[Kâ€˜[01m[KBeamlet[m[Kâ€™ was not declared in this scope
   68 |         std::vector<[01;31m[KBeamlet[m[K*> allBeamlets;
      |                     [01;31m[K^~~~~~~[m[K
[01m[K/home/zilch/LTU/Viswa/colcon_ws/src/beamlet_star_path_planner/src/beamlet_star_node.cpp:68:29:[m[K [01;31m[Kerror: [m[Ktemplate argument 1 is invalid
   68 |         std::vector<Beamlet*[01;31m[K>[m[K allBeamlets;
      |                             [01;31m[K^[m[K
[01m[K/home/zilch/LTU/Viswa/colcon_ws/src/beamlet_star_path_planner/src/beamlet_star_node.cpp:68:29:[m[K [01;31m[Kerror: [m[Ktemplate argument 2 is invalid
[01m[K/home/zilch/LTU/Viswa/colcon_ws/src/beamlet_star_path_planner/src/beamlet_star_node.cpp:[m[K In lambda function:
[01m[K/home/zilch/LTU/Viswa/colcon_ws/src/beamlet_star_path_planner/src/beamlet_star_node.cpp:73:31:[m[K [01;31m[Kerror: [m[Kâ€˜[01m[Kbegin[m[Kâ€™ was not declared in this scope; did you mean â€˜[01m[Kstd::begin[m[Kâ€™?
   73 |                 for(auto be : [01;31m[Kb[m[K) beamletGraph.AddBeamlet(be);
      |                               [01;31m[K^[m[K
      |                               [32m[Kstd::begin[m[K
In file included from [01m[K/usr/include/c++/13/string:53[m[K,
                 from [01m[K/opt/ros/jazzy/include/rclcpp/rclcpp/copy_all_parameter_values.hpp:18[m[K,
                 from [01m[K/opt/ros/jazzy/include/rclcpp/rclcpp/rclcpp.hpp:171[m[K,
                 from [01m[K/home/zilch/LTU/Viswa/colcon_ws/src/beamlet_star_path_planner/src/beamlet_star_node.cpp:1[m[K:
[01m[K/usr/include/c++/13/bits/range_access.h:114:37:[m[K [01;36m[Knote: [m[Kâ€˜[01m[Kstd::begin[m[Kâ€™ declared here
  114 |   template<typename _Tp> const _Tp* [01;36m[Kbegin[m[K(const valarray<_Tp>&) noexcept;
      |                                     [01;36m[K^~~~~[m[K
[01m[K/home/zilch/LTU/Viswa/colcon_ws/src/beamlet_star_path_planner/src/beamlet_star_node.cpp:73:31:[m[K [01;31m[Kerror: [m[Kâ€˜[01m[Kend[m[Kâ€™ was not declared in this scope; did you mean â€˜[01m[Kstd::end[m[Kâ€™?
   73 |                 for(auto be : [01;31m[Kb[m[K) beamletGraph.AddBeamlet(be);
      |                               [01;31m[K^[m[K
      |                               [32m[Kstd::end[m[K
[01m[K/usr/include/c++/13/bits/range_access.h:116:37:[m[K [01;36m[Knote: [m[Kâ€˜[01m[Kstd::end[m[Kâ€™ declared here
  116 |   template<typename _Tp> const _Tp* [01;36m[Kend[m[K(const valarray<_Tp>&) noexcept;
      |                                     [01;36m[K^~~[m[K
[01m[K/home/zilch/LTU/Viswa/colcon_ws/src/beamlet_star_path_planner/src/beamlet_star_node.cpp:73:34:[m[K [01;31m[Kerror: [m[Kâ€˜[01m[KbeamletGraph[m[Kâ€™ was not declared in this scope
   73 |                 for(auto be : b) [01;31m[KbeamletGraph[m[K.AddBeamlet(be);
      |                                  [01;31m[K^~~~~~~~~~~~[m[K
In file included from [01m[K/opt/ros/jazzy/include/rclcpp/rclcpp/logging.hpp:24[m[K,
                 from [01m[K/opt/ros/jazzy/include/rclcpp/rclcpp/copy_all_parameter_values.hpp:27[m[K:
[01m[K/home/zilch/LTU/Viswa/colcon_ws/src/beamlet_star_path_planner/src/beamlet_star_node.cpp:[m[K In constructor â€˜[01m[KBeamletStarNode::[01;32m[KBeamletStarNode[m[K()[m[Kâ€™:
[01m[K/home/zilch/LTU/Viswa/colcon_ws/src/beamlet_star_path_planner/src/beamlet_star_node.cpp:79:66:[m[K [01;31m[Kerror: [m[Kâ€˜[01m[KbeamletGraph[m[Kâ€™ was not declared in this scope
   79 |         RCLCPP_INFO(get_logger(), "Total beamlets created: %ld", [01;31m[KbeamletGraph[m[K.allBeamlets.size());
      |                                                                  [01;31m[K^~~~~~~~~~~~[m[K
[01m[K/home/zilch/LTU/Viswa/colcon_ws/src/beamlet_star_path_planner/src/beamlet_star_node.cpp:68:31:[m[K [01;35m[Kwarning: [m[Kunused variable â€˜[01m[KallBeamlets[m[Kâ€™ [[01;35m[K]8;;https://gcc.gnu.org/onlinedocs/gcc/Warning-Options.html#index-Wunused-variable-Wunused-variable]8;;[m[K]
   68 |         std::vector<Beamlet*> [01;35m[KallBeamlets[m[K;
      |                               [01;35m[K^~~~~~~~~~~[m[K
gmake[2]: *** [CMakeFiles/beamlet_star_node.dir/build.make:90: CMakeFiles/beamlet_star_node.dir/src/quadtree.cpp.o] Error 1
gmake[2]: *** Waiting for unfinished jobs....
gmake[2]: *** [CMakeFiles/beamlet_star_node.dir/build.make:76: CMakeFiles/beamlet_star_node.dir/src/beamlet_star_node.cpp.o] Error 1
gmake[1]: *** [CMakeFiles/Makefile2:137: CMakeFiles/beamlet_star_node.dir/all] Error 2
gmake: *** [Makefile:146: all] Error 2
