[ 40%] [32mBuilding CXX object CMakeFiles/beamlet_star_node.dir/src/beamlet_star_node.cpp.o[0m
[ 40%] [32mBuilding CXX object CMakeFiles/beamlet_star_node.dir/src/quadtree.cpp.o[0m
[01m[K/home/zilch/LTU/Viswa/colcon_ws/src/beamlet_star_path_planner/src/quadtree.cpp:116:6:[m[K [01;31m[Kerror: [m[Kno declaration matches â€˜[01m[Kvoid QuadTree::[01;32m[KprintLeafBoundaries[m[K(DyadicObject*) const[m[Kâ€™
  116 | void [01;31m[KQuadTree[m[K::printLeafBoundaries(DyadicObject* node) const
      |      [01;31m[K^~~~~~~~[m[K
[01m[K/home/zilch/LTU/Viswa/colcon_ws/src/beamlet_star_path_planner/src/quadtree.cpp:116:6:[m[K [01;36m[Knote: [m[Kno functions named â€˜[01m[Kvoid QuadTree::[01;32m[KprintLeafBoundaries[m[K(DyadicObject*) const[m[Kâ€™
In file included from [01m[K/home/zilch/LTU/Viswa/colcon_ws/src/beamlet_star_path_planner/src/quadtree.cpp:3[m[K:
[01m[K/home/zilch/LTU/Viswa/colcon_ws/src/beamlet_star_path_planner/include/beamlet_star_path_planner/quadtree.h:8:7:[m[K [01;36m[Knote: [m[Kâ€˜[01m[Kclass QuadTree[m[Kâ€™ defined here
    8 | class [01;36m[KQuadTree[m[K
      |       [01;36m[K^~~~~~~~[m[K
[01m[K/home/zilch/LTU/Viswa/colcon_ws/src/beamlet_star_path_planner/src/beamlet_star_node.cpp:[m[K In constructor â€˜[01m[KBeamletStarNode::[01;32m[KBeamletStarNode[m[K()[m[Kâ€™:
[01m[K/home/zilch/LTU/Viswa/colcon_ws/src/beamlet_star_path_planner/src/beamlet_star_node.cpp:65:12:[m[K [01;31m[Kerror: [m[Kâ€˜[01m[Kclass QuadTree[m[Kâ€™ has no member named â€˜[01m[KprintLeafBoundaries[m[Kâ€™
   65 |         qt.[01;31m[KprintLeafBoundaries[m[K(root);
      |            [01;31m[K^~~~~~~~~~~~~~~~~~~[m[K
gmake[2]: *** [CMakeFiles/beamlet_star_node.dir/build.make:90: CMakeFiles/beamlet_star_node.dir/src/quadtree.cpp.o] Error 1
gmake[2]: *** Waiting for unfinished jobs....
gmake[2]: *** [CMakeFiles/beamlet_star_node.dir/build.make:76: CMakeFiles/beamlet_star_node.dir/src/beamlet_star_node.cpp.o] Error 1
gmake[1]: *** [CMakeFiles/Makefile2:137: CMakeFiles/beamlet_star_node.dir/all] Error 2
gmake: *** [Makefile:146: all] Error 2
