[ 20%] [32mBuilding CXX object CMakeFiles/beamlet_star_node.dir/src/beamlet_star_node.cpp.o[0m
[01m[K/home/zilch/LTU/Viswa/colcon_ws/src/beamlet_star_path_planner/src/beamlet_star_node.cpp:[m[K In lambda function:
[01m[K/home/zilch/LTU/Viswa/colcon_ws/src/beamlet_star_path_planner/src/beamlet_star_node.cpp:74:47:[m[K [01;31m[Kerror: [m[Kâ€˜[01m[Kclass BeamletGraph[m[Kâ€™ has no member named â€˜[01m[KAddBeamlet[m[Kâ€™
   74 |                 for(auto be : b) beamletGraph.[01;31m[KAddBeamlet[m[K(be);
      |                                               [01;31m[K^~~~~~~~~~[m[K
In file included from [01m[K/opt/ros/jazzy/include/rclcpp/rclcpp/logging.hpp:24[m[K,
                 from [01m[K/opt/ros/jazzy/include/rclcpp/rclcpp/copy_all_parameter_values.hpp:27[m[K,
                 from [01m[K/opt/ros/jazzy/include/rclcpp/rclcpp/rclcpp.hpp:171[m[K,
                 from [01m[K/home/zilch/LTU/Viswa/colcon_ws/src/beamlet_star_path_planner/src/beamlet_star_node.cpp:1[m[K:
[01m[K/home/zilch/LTU/Viswa/colcon_ws/src/beamlet_star_path_planner/src/beamlet_star_node.cpp:[m[K In constructor â€˜[01m[KBeamletStarNode::[01;32m[KBeamletStarNode[m[K()[m[Kâ€™:
[01m[K/home/zilch/LTU/Viswa/colcon_ws/src/beamlet_star_path_planner/src/beamlet_star_node.cpp:80:79:[m[K [01;31m[Kerror: [m[Kâ€˜[01m[Kclass BeamletGraph[m[Kâ€™ has no member named â€˜[01m[KallBeamlets[m[Kâ€™
   80 |         RCLCPP_INFO(get_logger(), "Total beamlets created: %ld", beamletGraph.[01;31m[KallBeamlets[m[K.size());
      |                                                                               [01;31m[K^~~~~~~~~~~[m[K
gmake[2]: *** [CMakeFiles/beamlet_star_node.dir/build.make:76: CMakeFiles/beamlet_star_node.dir/src/beamlet_star_node.cpp.o] Error 1
gmake[1]: *** [CMakeFiles/Makefile2:137: CMakeFiles/beamlet_star_node.dir/all] Error 2
gmake: *** [Makefile:146: all] Error 2
