[ 12%] [32mBuilding CXX object CMakeFiles/beamlet_star_node.dir/src/Point.cpp.o[0m
[01m[K/home/zilch/LTU/Viswa/colcon_ws/src/beamlet_star_path_planner/src/Point.cpp:140:70:[m[K [01;31m[Kerror: [m[Knon-member function â€˜[01m[Kvoid[01;32m[K printUniquePoints[m[K(std::map<std::vector<int>, Point*>&)[m[Kâ€™ cannot have cv-qualifier
  140 | void printUniquePoints(std::map<std::vector<int>, Point*>& pointMap) [01;31m[Kconst[m[K{
      |                                                                      [01;31m[K^~~~~[m[K
In file included from [01m[K/opt/ros/jazzy/include/rclcpp/rclcpp/copy_all_parameter_values.hpp:27[m[K,
                 from [01m[K/opt/ros/jazzy/include/rclcpp/rclcpp/rclcpp.hpp:171[m[K,
                 from [01m[K/home/zilch/LTU/Viswa/colcon_ws/src/beamlet_star_path_planner/src/Point.cpp:5[m[K:
[01m[K/home/zilch/LTU/Viswa/colcon_ws/src/beamlet_star_path_planner/src/Point.cpp:[m[K In function â€˜[01m[Kvoid[01;32m[K printUniquePoints[m[K(std::map<std::vector<int>, Point*>&)[m[Kâ€™:
[01m[K/home/zilch/LTU/Viswa/colcon_ws/src/beamlet_star_path_planner/src/Point.cpp:145:13:[m[K [01;31m[Kerror: [m[Kstatic assertion failed: First argument to logging macros must be an rclcpp::Logger
  145 |             [01;31m[KRCLCPP_INFO[m[K(
      |             [01;31m[K^~~~~~~~~~~[m[K
In file included from [01m[K/opt/ros/jazzy/include/rclcpp/rclcpp/logging.hpp:24[m[K:
[01m[K/home/zilch/LTU/Viswa/colcon_ws/src/beamlet_star_path_planner/src/Point.cpp:145:13:[m[K [01;31m[Kerror: [m[Krequest for member â€˜[01m[Kget_name[m[Kâ€™ in â€˜[01m[K("Point: (%d, %d)")[m[Kâ€™, which is of non-class type â€˜[01m[Kconst char [16][m[Kâ€™
  145 |             [01;31m[KRCLCPP_INFO[m[K(
      |             [01;31m[K^~~~~~~~~~~[m[K
[01m[K/home/zilch/LTU/Viswa/colcon_ws/src/beamlet_star_path_planner/src/Point.cpp:145:13:[m[K [01;31m[Kerror: [m[Krequest for member â€˜[01m[Kget_name[m[Kâ€™ in â€˜[01m[K("Point: (%d, %d)")[m[Kâ€™, which is of non-class type â€˜[01m[Kconst char [16][m[Kâ€™
  145 |             [01;31m[KRCLCPP_INFO[m[K(
      |             [01;31m[K^~~~~~~~~~~[m[K
gmake[2]: *** [CMakeFiles/beamlet_star_node.dir/build.make:146: CMakeFiles/beamlet_star_node.dir/src/Point.cpp.o] Error 1
gmake[1]: *** [CMakeFiles/Makefile2:137: CMakeFiles/beamlet_star_node.dir/all] Error 2
gmake: *** [Makefile:146: all] Error 2
