In file included from [01m[K/opt/ros/jazzy/include/rclcpp/rclcpp/logging.hpp:24[m[K,
                 from [01m[K/opt/ros/jazzy/include/rclcpp/rclcpp/copy_all_parameter_values.hpp:27[m[K,
                 from [01m[K/opt/ros/jazzy/include/rclcpp/rclcpp/rclcpp.hpp:171[m[K,
                 from [01m[K/home/zilch/LTU/Viswa/colcon_ws/src/beamlet_star_path_planner/src/beamlet_star_node.cpp:1[m[K:
[01m[K/home/zilch/LTU/Viswa/colcon_ws/src/beamlet_star_path_planner/src/beamlet_star_node.cpp:[m[K In constructor â€˜[01m[KBeamletStarNode::[01;32m[KBeamletStarNode[m[K()[m[Kâ€™:
[01m[K/home/zilch/LTU/Viswa/colcon_ws/src/beamlet_star_path_planner/src/beamlet_star_node.cpp:78:69:[m[K [01;31m[Kerror: [m[Kâ€˜[01m[Kclass BeamletGraph[m[Kâ€™ has no member named â€˜[01m[KgetPointMapSize[m[Kâ€™
   78 |         RCLCPP_INFO(get_logger(), "Total unique points: %ld", graph.[01;31m[KgetPointMapSize[m[K());
      |                                                                     [01;31m[K^~~~~~~~~~~~~~~[m[K
[01m[K/home/zilch/LTU/Viswa/colcon_ws/src/beamlet_star_path_planner/src/beamlet_star_node.cpp:79:64:[m[K [01;31m[Kerror: [m[Kâ€˜[01m[Kclass BeamletGraph[m[Kâ€™ has no member named â€˜[01m[KgetBeamletCount[m[Kâ€™
   79 |         RCLCPP_INFO(get_logger(), "Total beamlets: %ld", graph.[01;31m[KgetBeamletCount[m[K());
      |                                                                [01;31m[K^~~~~~~~~~~~~~~[m[K
gmake[2]: *** [CMakeFiles/beamlet_star_node.dir/build.make:76: CMakeFiles/beamlet_star_node.dir/src/beamlet_star_node.cpp.o] Error 1
gmake[2]: *** Waiting for unfinished jobs....
gmake[1]: *** [CMakeFiles/Makefile2:137: CMakeFiles/beamlet_star_node.dir/all] Error 2
gmake: *** [Makefile:146: all] Error 2
