[ 20%] [32mBuilding CXX object CMakeFiles/beamlet_star_node.dir/src/beamlet_star_node.cpp.o[0m
[ 40%] [32mBuilding CXX object CMakeFiles/beamlet_star_node.dir/src/quadtree.cpp.o[0m
[ 60%] [32m[1mLinking CXX executable beamlet_star_node[0m
/usr/bin/ld: CMakeFiles/beamlet_star_node.dir/src/beamlet_star_node.cpp.o: in function `BeamletStarNode::BeamletStarNode()::{lambda(DyadicObject*)#1}::operator()(DyadicObject*) const':
beamlet_star_node.cpp:(.text._ZZN15BeamletStarNodeC4EvENKUlP12DyadicObjectE_clES1_[_ZZN15BeamletStarNodeC4EvENKUlP12DyadicObjectE_clES1_]+0xbf): undefined reference to `BeamletGraph::AddBeamlet(Beamlet*)'
/usr/bin/ld: CMakeFiles/beamlet_star_node.dir/src/beamlet_star_node.cpp.o: in function `BeamletStarNode::BeamletStarNode()':
beamlet_star_node.cpp:(.text._ZN15BeamletStarNodeC2Ev[_ZN15BeamletStarNodeC5Ev]+0x12b): undefined reference to `BeamletGraph::BeamletGraph()'
/usr/bin/ld: beamlet_star_node.cpp:(.text._ZN15BeamletStarNodeC2Ev[_ZN15BeamletStarNodeC5Ev]+0x19b3): undefined reference to `BeamletGraph::~BeamletGraph()'
/usr/bin/ld: CMakeFiles/beamlet_star_node.dir/src/beamlet_star_node.cpp.o: in function `BeamletStarNode::~BeamletStarNode()':
beamlet_star_node.cpp:(.text._ZN15BeamletStarNodeD2Ev[_ZN15BeamletStarNodeD5Ev]+0x2c): undefined reference to `BeamletGraph::~BeamletGraph()'
/usr/bin/ld: CMakeFiles/beamlet_star_node.dir/src/quadtree.cpp.o: in function `QuadTree::extractBoundaryPoints(DyadicObject*) const':
quadtree.cpp:(.text+0x2668): undefined reference to `Point::getOrCreatePoint(std::vector<int, std::allocator<int> > const&)'
/usr/bin/ld: CMakeFiles/beamlet_star_node.dir/src/quadtree.cpp.o: in function `QuadTree::createBeamletsFromNode(DyadicObject*)':
quadtree.cpp:(.text+0x2830): undefined reference to `Beamlet::Beamlet(Point*, Point*)'
collect2: error: ld returned 1 exit status
gmake[2]: *** [CMakeFiles/beamlet_star_node.dir/build.make:211: beamlet_star_node] Error 1
gmake[1]: *** [CMakeFiles/Makefile2:137: CMakeFiles/beamlet_star_node.dir/all] Error 2
gmake: *** [Makefile:146: all] Error 2
