[0.009s] Invoking command in '/home/zilch/LTU/Viswa/colcon_ws/src/beamlet_star_path_planner/build/beamlet_star_path_planner': CMAKE_PREFIX_PATH=${CMAKE_PREFIX_PATH}:/opt/ros/jazzy /usr/bin/cmake --build /home/zilch/LTU/Viswa/colcon_ws/src/beamlet_star_path_planner/build/beamlet_star_path_planner -- -j12 -l12
[0.092s] [ 20%] [32mBuilding CXX object CMakeFiles/beamlet_star_node.dir/src/quadtree.cpp.o[0m
[0.092s] [ 40%] [32mBuilding CXX object CMakeFiles/beamlet_star_node.dir/src/beamlet_star_node.cpp.o[0m
[1.602s] [01m[K/home/zilch/LTU/Viswa/colcon_ws/src/beamlet_star_path_planner/src/beamlet_star_node.cpp:[m[K In constructor â€˜[01m[KBeamletStarNode::[01;32m[KBeamletStarNode[m[K()[m[Kâ€™:
[1.602s] [01m[K/home/zilch/LTU/Viswa/colcon_ws/src/beamlet_star_path_planner/src/beamlet_star_node.cpp:65:31:[m[K [01;31m[Kerror: [m[Kno matching function for call to â€˜[01m[KQuadTree::printLeafBoundaries(DyadicObject*&)[m[Kâ€™
[1.602s]    65 |         [01;31m[Kqt.printLeafBoundaries(root)[m[K;
[1.602s]       |         [01;31m[K~~~~~~~~~~~~~~~~~~~~~~^~~~~~[m[K
[1.602s] In file included from [01m[K/home/zilch/LTU/Viswa/colcon_ws/src/beamlet_star_path_planner/src/beamlet_star_node.cpp:2[m[K:
[1.603s] [01m[K/home/zilch/LTU/Viswa/colcon_ws/src/beamlet_star_path_planner/include/beamlet_star_path_planner/quadtree.h:29:10:[m[K [01;36m[Knote: [m[Kcandidate: â€˜[01m[Kvoid QuadTree::[01;32m[KprintLeafBoundaries[m[K() const[m[Kâ€™
[1.603s]    29 |     void [01;36m[KprintLeafBoundaries[m[K() const;
[1.603s]       |          [01;36m[K^~~~~~~~~~~~~~~~~~~[m[K
[1.603s] [01m[K/home/zilch/LTU/Viswa/colcon_ws/src/beamlet_star_path_planner/include/beamlet_star_path_planner/quadtree.h:29:10:[m[K [01;36m[Knote: [m[K  candidate expects 0 arguments, 1 provided
[2.033s] gmake[2]: *** [CMakeFiles/beamlet_star_node.dir/build.make:76: CMakeFiles/beamlet_star_node.dir/src/beamlet_star_node.cpp.o] Error 1
[2.033s] gmake[2]: *** Waiting for unfinished jobs....
[2.043s] gmake[1]: *** [CMakeFiles/Makefile2:137: CMakeFiles/beamlet_star_node.dir/all] Error 2
[2.043s] gmake: *** [Makefile:146: all] Error 2
[2.045s] Invoked command in '/home/zilch/LTU/Viswa/colcon_ws/src/beamlet_star_path_planner/build/beamlet_star_path_planner' returned '2': CMAKE_PREFIX_PATH=${CMAKE_PREFIX_PATH}:/opt/ros/jazzy /usr/bin/cmake --build /home/zilch/LTU/Viswa/colcon_ws/src/beamlet_star_path_planner/build/beamlet_star_path_planner -- -j12 -l12
