[0.014s] Invoking command in '/home/zilch/LTU/Viswa/colcon_ws/src/beamlet_star_path_planner/build/beamlet_star_path_planner': CMAKE_PREFIX_PATH=${CMAKE_PREFIX_PATH}:/opt/ros/jazzy /usr/bin/cmake --build /home/zilch/LTU/Viswa/colcon_ws/src/beamlet_star_path_planner/build/beamlet_star_path_planner -- -j12 -l12
[0.105s] [ 12%] [32mBuilding CXX object CMakeFiles/beamlet_star_node.dir/src/quadtree.cpp.o[0m
[0.107s] [ 25%] [32mBuilding CXX object CMakeFiles/beamlet_star_node.dir/src/beamlet_star_node.cpp.o[0m
[1.565s] [01m[K/home/zilch/LTU/Viswa/colcon_ws/src/beamlet_star_path_planner/src/quadtree.cpp:[m[K In member function â€˜[01m[Kbool QuadTree::[01;32m[KintersectsLine[m[K(DyadicObject*, Point*, Point*)[m[Kâ€™:
[1.565s] [01m[K/home/zilch/LTU/Viswa/colcon_ws/src/beamlet_star_path_planner/src/quadtree.cpp:226:18:[m[K [01;31m[Kerror: [m[Kâ€˜[01m[Kclass Point[m[Kâ€™ has no member named â€˜[01m[Kx[m[Kâ€™
[1.565s]   226 |     int x1 = p1->[01;31m[Kx[m[K, y1 = p1->y;
[1.565s]       |                  [01;31m[K^[m[K
[1.565s] [01m[K/home/zilch/LTU/Viswa/colcon_ws/src/beamlet_star_path_planner/src/quadtree.cpp:227:18:[m[K [01;31m[Kerror: [m[Kâ€˜[01m[Kclass Point[m[Kâ€™ has no member named â€˜[01m[Kx[m[Kâ€™
[1.566s]   227 |     int x2 = p2->[01;31m[Kx[m[K, y2 = p2->y;
[1.566s]       |                  [01;31m[K^[m[K
[1.566s] [01m[K/home/zilch/LTU/Viswa/colcon_ws/src/beamlet_star_path_planner/src/quadtree.cpp:231:13:[m[K [01;31m[Kerror: [m[KISO C++ forbids comparison between pointer and integer [[01;31m[K]8;;https://gcc.gnu.org/onlinedocs/gcc/Warning-Options.html#index-fpermissive-fpermissive]8;;[m[K]
[1.566s]   231 |         ([01;31m[Ky1 < ymin[m[K && y2 < ymin) || (y1 > ymax && y2 > ymax))
[1.566s]       |          [01;31m[K~~~^~~~~~[m[K
[1.569s] [01m[K/home/zilch/LTU/Viswa/colcon_ws/src/beamlet_star_path_planner/src/quadtree.cpp:231:23:[m[K [01;31m[Kerror: [m[Kâ€˜[01m[Ky2[m[Kâ€™ was not declared in this scope; did you mean â€˜[01m[Kyn[m[Kâ€™?
[1.569s]   231 |         (y1 < ymin && [01;31m[Ky2[m[K < ymin) || (y1 > ymax && y2 > ymax))
[1.569s]       |                       [01;31m[K^~[m[K
[1.569s]       |                       [32m[Kyn[m[K
[1.569s] [01m[K/home/zilch/LTU/Viswa/colcon_ws/src/beamlet_star_path_planner/src/quadtree.cpp:231:41:[m[K [01;31m[Kerror: [m[KISO C++ forbids comparison between pointer and integer [[01;31m[K]8;;https://gcc.gnu.org/onlinedocs/gcc/Warning-Options.html#index-fpermissive-fpermissive]8;;[m[K]
[1.569s]   231 |         (y1 < ymin && y2 < ymin) || ([01;31m[Ky1 > ymax[m[K && y2 > ymax))
[1.570s]       |                                      [01;31m[K~~~^~~~~~[m[K
[2.016s] gmake[2]: *** [CMakeFiles/beamlet_star_node.dir/build.make:90: CMakeFiles/beamlet_star_node.dir/src/quadtree.cpp.o] Error 1
[2.017s] gmake[2]: *** Waiting for unfinished jobs....
[2.160s] gmake[1]: *** [CMakeFiles/Makefile2:137: CMakeFiles/beamlet_star_node.dir/all] Error 2
[2.160s] gmake: *** [Makefile:146: all] Error 2
[2.163s] Invoked command in '/home/zilch/LTU/Viswa/colcon_ws/src/beamlet_star_path_planner/build/beamlet_star_path_planner' returned '2': CMAKE_PREFIX_PATH=${CMAKE_PREFIX_PATH}:/opt/ros/jazzy /usr/bin/cmake --build /home/zilch/LTU/Viswa/colcon_ws/src/beamlet_star_path_planner/build/beamlet_star_path_planner -- -j12 -l12
