[0.010s] Invoking command in '/home/zilch/LTU/Viswa/colcon_ws/src/beamlet_star_path_planner/build/beamlet_star_path_planner': CMAKE_PREFIX_PATH=${CMAKE_PREFIX_PATH}:/opt/ros/jazzy /usr/bin/cmake --build /home/zilch/LTU/Viswa/colcon_ws/src/beamlet_star_path_planner/build/beamlet_star_path_planner -- -j12 -l12
[0.091s] [ 12%] [32mBuilding CXX object CMakeFiles/beamlet_star_node.dir/src/BeamletGraph.cpp.o[0m
[1.506s] [01m[K/home/zilch/LTU/Viswa/colcon_ws/src/beamlet_star_path_planner/src/BeamletGraph.cpp:47:6:[m[K [01;31m[Kerror: [m[Kno declaration matches â€˜[01m[Kbool BeamletGraph::[01;32m[KisBeamletFeasibleBresenham[m[K(const std::vector<std::vector<int> >&, Point*, Point*)[m[Kâ€™
[1.506s]    47 | bool [01;31m[KBeamletGraph[m[K::isBeamletFeasibleBresenham(const std::vector<std::vector<int>>& grid, Point* p1, Point* p2) {
[1.506s]       |      [01;31m[K^~~~~~~~~~~~[m[K
[1.506s] In file included from [01m[K/home/zilch/LTU/Viswa/colcon_ws/src/beamlet_star_path_planner/src/BeamletGraph.cpp:8[m[K:
[1.506s] [01m[K/home/zilch/LTU/Viswa/colcon_ws/src/beamlet_star_path_planner/include/beamlet_star_path_planner/BeamletGraph.h:32:10:[m[K [01;36m[Knote: [m[Kcandidate is: â€˜[01m[Kbool BeamletGraph::[01;32m[KisBeamletFeasibleBresenham[m[K(std::vector<std::vector<int> >&, Point*, Point*)[m[Kâ€™
[1.506s]    32 |     bool [01;36m[KisBeamletFeasibleBresenham[m[K(std::vector<std::vector<int>>& grid, Point* p1, Point* p2);
[1.506s]       |          [01;36m[K^~~~~~~~~~~~~~~~~~~~~~~~~~[m[K
[1.507s] [01m[K/home/zilch/LTU/Viswa/colcon_ws/src/beamlet_star_path_planner/include/beamlet_star_path_planner/BeamletGraph.h:19:7:[m[K [01;36m[Knote: [m[Kâ€˜[01m[Kclass BeamletGraph[m[Kâ€™ defined here
[1.507s]    19 | class [01;36m[KBeamletGraph[m[K {
[1.507s]       |       [01;36m[K^~~~~~~~~~~~[m[K
[1.919s] gmake[2]: *** [CMakeFiles/beamlet_star_node.dir/build.make:160: CMakeFiles/beamlet_star_node.dir/src/BeamletGraph.cpp.o] Error 1
[1.919s] gmake[1]: *** [CMakeFiles/Makefile2:137: CMakeFiles/beamlet_star_node.dir/all] Error 2
[1.920s] gmake: *** [Makefile:146: all] Error 2
[1.923s] Invoked command in '/home/zilch/LTU/Viswa/colcon_ws/src/beamlet_star_path_planner/build/beamlet_star_path_planner' returned '2': CMAKE_PREFIX_PATH=${CMAKE_PREFIX_PATH}:/opt/ros/jazzy /usr/bin/cmake --build /home/zilch/LTU/Viswa/colcon_ws/src/beamlet_star_path_planner/build/beamlet_star_path_planner -- -j12 -l12
