[0.014s] Invoking command in '/home/zilch/LTU/Viswa/colcon_ws/src/beamlet_star_path_planner/build/beamlet_star_path_planner': CMAKE_PREFIX_PATH=${CMAKE_PREFIX_PATH}:/opt/ros/jazzy /usr/bin/cmake --build /home/zilch/LTU/Viswa/colcon_ws/src/beamlet_star_path_planner/build/beamlet_star_path_planner -- -j12 -l12
[0.150s] [ 20%] [32mBuilding CXX object CMakeFiles/beamlet_star_node.dir/src/beamlet_star_node.cpp.o[0m
[0.151s] [ 40%] [32mBuilding CXX object CMakeFiles/beamlet_star_node.dir/src/quadtree.cpp.o[0m
[2.588s] [01m[K/home/zilch/LTU/Viswa/colcon_ws/src/beamlet_star_path_planner/src/quadtree.cpp:[m[K In member function â€˜[01m[Kvoid QuadTree::[01;32m[KrecursiveDivide[m[K(QuadTreeNode*)[m[Kâ€™:
[2.588s] [01m[K/home/zilch/LTU/Viswa/colcon_ws/src/beamlet_star_path_planner/src/quadtree.cpp:34:25:[m[K [01;31m[Kerror: [m[Kâ€˜[01m[KtotalCells[m[Kâ€™ was not declared in this scope
[2.588s]    34 |     double upperLimit = [01;31m[KtotalCells[m[K - 1 - alpha*(pow(2,2*node->key.scale-1) - 1);
[2.588s]       |                         [01;31m[K^~~~~~~~~~[m[K
[3.320s] gmake[2]: *** [CMakeFiles/beamlet_star_node.dir/build.make:118: CMakeFiles/beamlet_star_node.dir/src/quadtree.cpp.o] Error 1
[3.321s] gmake[2]: *** Waiting for unfinished jobs....
[3.695s] gmake[1]: *** [CMakeFiles/Makefile2:137: CMakeFiles/beamlet_star_node.dir/all] Error 2
[3.695s] gmake: *** [Makefile:146: all] Error 2
[3.699s] Invoked command in '/home/zilch/LTU/Viswa/colcon_ws/src/beamlet_star_path_planner/build/beamlet_star_path_planner' returned '2': CMAKE_PREFIX_PATH=${CMAKE_PREFIX_PATH}:/opt/ros/jazzy /usr/bin/cmake --build /home/zilch/LTU/Viswa/colcon_ws/src/beamlet_star_path_planner/build/beamlet_star_path_planner -- -j12 -l12
