[ 20%] [32mBuilding CXX object CMakeFiles/beamlet_star_node.dir/src/beamlet_star_node.cpp.o[0m
[ 40%] [32mBuilding CXX object CMakeFiles/beamlet_star_node.dir/src/quadtree.cpp.o[0m
[01m[K/home/zilch/LTU/Viswa/colcon_ws/src/beamlet_star_path_planner/src/beamlet_star_node.cpp:[m[K In constructor â€˜[01m[KBeamletStarNode::[01;32m[KBeamletStarNode[m[K()[m[Kâ€™:
[01m[K/home/zilch/LTU/Viswa/colcon_ws/src/beamlet_star_path_planner/src/beamlet_star_node.cpp:57:15:[m[K [01;31m[Kerror: [m[Kâ€˜[01m[Kclass BeamletStarNode[m[Kâ€™ has no member named â€˜[01m[Kroot[m[Kâ€™
   57 |         this->[01;31m[Kroot[m[K = qt.buildQuadTree(smax, 1, 1); // starting at top-left corner, 1 based indexing
      |               [01;31m[K^~~~[m[K
[01m[K/home/zilch/LTU/Viswa/colcon_ws/src/beamlet_star_path_planner/src/beamlet_star_node.cpp:58:40:[m[K [01;31m[Kerror: [m[Kâ€˜[01m[Kclass BeamletStarNode[m[Kâ€™ has no member named â€˜[01m[Kroot[m[Kâ€™
   58 |         qt.printFormalDyadicForm(this->[01;31m[Kroot[m[K);
      |                                        [01;31m[K^~~~[m[K
gmake[2]: *** [CMakeFiles/beamlet_star_node.dir/build.make:76: CMakeFiles/beamlet_star_node.dir/src/beamlet_star_node.cpp.o] Error 1
gmake[1]: *** [CMakeFiles/Makefile2:137: CMakeFiles/beamlet_star_node.dir/all] Error 2
gmake: *** [Makefile:146: all] Error 2
