[ 20%] [32mBuilding CXX object CMakeFiles/beamlet_star_node.dir/src/beamlet_star_node.cpp.o[0m
[ 40%] [32mBuilding CXX object CMakeFiles/beamlet_star_node.dir/src/quadtree.cpp.o[0m
[01m[K/home/zilch/LTU/Viswa/colcon_ws/src/beamlet_star_path_planner/src/quadtree.cpp:[m[K In function â€˜[01m[Kvoid[01;32m[K recursiveDivide[m[K(QuadTreeNode*)[m[Kâ€™:
[01m[K/home/zilch/LTU/Viswa/colcon_ws/src/beamlet_star_path_planner/src/quadtree.cpp:33:29:[m[K [01;31m[Kerror: [m[Kâ€˜[01m[Kalpha[m[Kâ€™ was not declared in this scope; did you mean â€˜[01m[Kisalpha[m[Kâ€™?
   33 |     double lowerLimit = 1 + [01;31m[Kalpha[m[K*(pow(2,2*node->key.scale-1) - 1);
      |                             [01;31m[K^~~~~[m[K
      |                             [32m[Kisalpha[m[K
[01m[K/home/zilch/LTU/Viswa/colcon_ws/src/beamlet_star_path_planner/src/quadtree.cpp:34:25:[m[K [01;31m[Kerror: [m[Kâ€˜[01m[KtotalCells[m[Kâ€™ was not declared in this scope
   34 |     double upperLimit = [01;31m[KtotalCells[m[K - 1 - alpha*(pow(2,2*node->key.scale-1) - 1);
      |                         [01;31m[K^~~~~~~~~~[m[K
[01m[K/home/zilch/LTU/Viswa/colcon_ws/src/beamlet_star_path_planner/src/quadtree.cpp:40:29:[m[K [01;31m[Kerror: [m[Kâ€˜[01m[KbuildQuadTree[m[Kâ€™ was not declared in this scope; did you mean â€˜[01m[KQuadTree[m[Kâ€™?
   40 |         node->children[0] = [01;31m[KbuildQuadTree[m[K(node->key.scale-1, 2*node->key.position[0]-1, 2*node->key.position[1]-1);
      |                             [01;31m[K^~~~~~~~~~~~~[m[K
      |                             [32m[KQuadTree[m[K
gmake[2]: *** [CMakeFiles/beamlet_star_node.dir/build.make:118: CMakeFiles/beamlet_star_node.dir/src/quadtree.cpp.o] Error 1
gmake[2]: *** Waiting for unfinished jobs....
gmake[1]: *** [CMakeFiles/Makefile2:137: CMakeFiles/beamlet_star_node.dir/all] Error 2
gmake: *** [Makefile:146: all] Error 2
